<?xml version="1.0" encoding="UTF-8"?>
<!-- Generated by org.testng.reporters.JUnitReportReporter -->
<testsuite hostname="del1-lhp-n82211" failures="0" tests="1" name="Test.RegisterTest" time="3.202" errors="0" timestamp="2022-08-19T17:35:09 IST" skipped="0">
  <testcase classname="Test.RegisterTest" name="Registersuccessfull" time="3.202"/>
  <system-out/>
</testsuite> <!-- Test.RegisterTest -->
